<?xml version="1.0" encoding="UTF-8"?>
<!-- Generated by org.testng.reporters.JUnitReportReporter -->
<testsuite hostname="DESKTOP-O23GVBS" name="TestMath.MyTestMathTool" tests="3" failures="0" timestamp="18 May 2018 02:21:18 GMT" time="0.017" errors="0">
  <testcase name="testAbs2" time="0.000" classname="TestMath.MyTestMathTool"/>
  <testcase name="testAbs3" time="0.001" classname="TestMath.MyTestMathTool"/>
  <testcase name="testAbs1" time="0.016" classname="TestMath.MyTestMathTool"/>
</testsuite> <!-- TestMath.MyTestMathTool -->
